Using pre-set license
Built from '2022.3/staging' branch; Version is '2022.3.19f1 (244b723c30a6) revision 2378610'; Using compiler version '192829333'; Build Type 'Release'
OS: 'Windows 11  (10.0.22621) 64bit Core' Language: 'en' Physical Memory: 16085 MB
BatchMode: 1, IsHumanControllingUs: 0, StartBugReporterOnCrash: 0, Is64bit: 1, IsPro: 1

COMMAND LINE ARGUMENTS:
C:\Program Files\Unity\Hub\Editor\2022.3.19f1\Editor\Unity.exe
-adb2
-batchMode
-noUpm
-name
AssetImportWorker2
-projectPath
C:/Users/noahb/Level Design v2
-logFile
Logs/AssetImportWorker2.log
-srvPort
61157
Successfully changed project path to: C:/Users/noahb/Level Design v2
C:/Users/noahb/Level Design v2
[UnityMemory] Configuration Parameters - Can be set up in boot.config
    "memorysetup-bucket-allocator-granularity=16"
    "memorysetup-bucket-allocator-bucket-count=8"
    "memorysetup-bucket-allocator-block-size=33554432"
    "memorysetup-bucket-allocator-block-count=8"
    "memorysetup-main-allocator-block-size=16777216"
    "memorysetup-thread-allocator-block-size=16777216"
    "memorysetup-gfx-main-allocator-block-size=16777216"
    "memorysetup-gfx-thread-allocator-block-size=16777216"
    "memorysetup-cache-allocator-block-size=4194304"
    "memorysetup-typetree-allocator-block-size=2097152"
    "memorysetup-profiler-bucket-allocator-granularity=16"
    "memorysetup-profiler-bucket-allocator-bucket-count=8"
    "memorysetup-profiler-bucket-allocator-block-size=33554432"
    "memorysetup-profiler-bucket-allocator-block-count=8"
    "memorysetup-profiler-allocator-block-size=16777216"
    "memorysetup-profiler-editor-allocator-block-size=1048576"
    "memorysetup-temp-allocator-size-main=16777216"
    "memorysetup-job-temp-allocator-block-size=2097152"
    "memorysetup-job-temp-allocator-block-size-background=1048576"
    "memorysetup-job-temp-allocator-reduction-small-platforms=262144"
    "memorysetup-allocator-temp-initial-block-size-main=262144"
    "memorysetup-allocator-temp-initial-block-size-worker=262144"
    "memorysetup-temp-allocator-size-background-worker=32768"
    "memorysetup-temp-allocator-size-job-worker=262144"
    "memorysetup-temp-allocator-size-preload-manager=33554432"
    "memorysetup-temp-allocator-size-nav-mesh-worker=65536"
    "memorysetup-temp-allocator-size-audio-worker=65536"
    "memorysetup-temp-allocator-size-cloud-worker=32768"
    "memorysetup-temp-allocator-size-gi-baking-worker=262144"
    "memorysetup-temp-allocator-size-gfx=262144"
Player connection [33160] Host "[IP] 140.232.152.80 [Port] 0 [Flags] 2 [Guid] 924195043 [EditorId] 924195043 [Version] 1048832 [Id] WindowsEditor(7,MSI) [Debug] 1 [PackageName] WindowsEditor [ProjectName] Editor" joined multi-casting on [225.0.0.222:54997]...

Player connection [33160] Host "[IP] 140.232.152.80 [Port] 0 [Flags] 2 [Guid] 924195043 [EditorId] 924195043 [Version] 1048832 [Id] WindowsEditor(7,MSI) [Debug] 1 [PackageName] WindowsEditor [ProjectName] Editor" joined alternative multi-casting on [225.0.0.222:34997]...

[Physics::Module] Initialized MultithreadedJobDispatcher with 15 workers.
Refreshing native plugins compatible for Editor in 95.41 ms, found 3 plugins.
Preloading 0 native plugins for Editor in 0.00 ms.
Initialize engine version: 2022.3.19f1 (244b723c30a6)
[Subsystems] Discovering subsystems at path C:/Program Files/Unity/Hub/Editor/2022.3.19f1/Editor/Data/Resources/UnitySubsystems
[Subsystems] Discovering subsystems at path C:/Users/noahb/Level Design v2/Assets
GfxDevice: creating device client; threaded=0; jobified=0
Direct3D:
    Version:  Direct3D 11.0 [level 11.1]
    Renderer: NVIDIA GeForce RTX 3070 Laptop GPU (ID=0x249d)
    Vendor:   NVIDIA
    VRAM:     8020 MB
    Driver:   31.0.15.5186
Initialize mono
Mono path[0] = 'C:/Program Files/Unity/Hub/Editor/2022.3.19f1/Editor/Data/Managed'
Mono path[1] = 'C:/Program Files/Unity/Hub/Editor/2022.3.19f1/Editor/Data/MonoBleedingEdge/lib/mono/unityjit-win32'
Mono config path = 'C:/Program Files/Unity/Hub/Editor/2022.3.19f1/Editor/Data/MonoBleedingEdge/etc'
Using monoOptions --debugger-agent=transport=dt_socket,embedding=1,server=y,suspend=n,address=127.0.0.1:56336
Begin MonoManager ReloadAssembly
Registering precompiled unity dll's ...
Register platform support module: C:/Program Files/Unity/Hub/Editor/2022.3.19f1/Editor/Data/PlaybackEngines/WebGLSupport/UnityEditor.WebGL.Extensions.dll
Register platform support module: C:/Program Files/Unity/Hub/Editor/2022.3.19f1/Editor/Data/PlaybackEngines/WindowsStandaloneSupport/UnityEditor.WindowsStandalone.Extensions.dll
Registered in 0.006391 seconds.
- Loaded All Assemblies, in  0.315 seconds
Native extension for WindowsStandalone target not found
Native extension for WebGL target not found
Mono: successfully reloaded assembly
- Finished resetting the current domain, in  0.220 seconds
Domain Reload Profiling: 534ms
	BeginReloadAssembly (81ms)
		ExecutionOrderSort (0ms)
		DisableScriptedObjects (0ms)
		BackupInstance (0ms)
		ReleaseScriptingObjects (0ms)
		CreateAndSetChildDomain (1ms)
	RebuildCommonClasses (27ms)
	RebuildNativeTypeToScriptingClass (9ms)
	initialDomainReloadingComplete (48ms)
	LoadAllAssembliesAndSetupDomain (148ms)
		LoadAssemblies (80ms)
		RebuildTransferFunctionScriptingTraits (0ms)
		AnalyzeDomain (146ms)
			TypeCache.Refresh (145ms)
				TypeCache.ScanAssembly (134ms)
			ScanForSourceGeneratedMonoScriptInfo (0ms)
			ResolveRequiredComponents (0ms)
	FinalizeReload (221ms)
		ReleaseScriptCaches (0ms)
		RebuildScriptCaches (0ms)
		SetupLoadedEditorAssemblies (176ms)
			LogAssemblyErrors (0ms)
			InitializePlatformSupportModulesInManaged (7ms)
			SetLoadedEditorAssemblies (4ms)
			RefreshPlugins (0ms)
			BeforeProcessingInitializeOnLoad (2ms)
			ProcessInitializeOnLoadAttributes (113ms)
			ProcessInitializeOnLoadMethodAttributes (50ms)
			AfterProcessingInitializeOnLoad (0ms)
			EditorAssembliesLoaded (0ms)
		ExecutionOrderSort2 (0ms)
		AwakeInstancesAfterBackupRestoration (0ms)
========================================================================
Worker process is ready to serve import requests
Begin MonoManager ReloadAssembly
- Loaded All Assemblies, in  0.526 seconds
Refreshing native plugins compatible for Editor in 2.73 ms, found 3 plugins.
Native extension for WindowsStandalone target not found
Native extension for WebGL target not found
Package Manager log level set to [2]
[Package Manager] Server::EnsureServerProcessIsRunning -- launch failed, reason: Unity was launched with the -noUpm command-line argument
[Package Manager] UpmClient::Send -- Unable to send message (not connected to UPM process).
[Package Manager] Cannot connect to Unity Package Manager local server
Mono: successfully reloaded assembly
- Finished resetting the current domain, in  0.448 seconds
Domain Reload Profiling: 973ms
	BeginReloadAssembly (120ms)
		ExecutionOrderSort (0ms)
		DisableScriptedObjects (4ms)
		BackupInstance (0ms)
		ReleaseScriptingObjects (0ms)
		CreateAndSetChildDomain (18ms)
	RebuildCommonClasses (27ms)
	RebuildNativeTypeToScriptingClass (8ms)
	initialDomainReloadingComplete (34ms)
	LoadAllAssembliesAndSetupDomain (335ms)
		LoadAssemblies (218ms)
		RebuildTransferFunctionScriptingTraits (0ms)
		AnalyzeDomain (189ms)
			TypeCache.Refresh (173ms)
				TypeCache.ScanAssembly (111ms)
			ScanForSourceGeneratedMonoScriptInfo (11ms)
			ResolveRequiredComponents (3ms)
	FinalizeReload (449ms)
		ReleaseScriptCaches (0ms)
		RebuildScriptCaches (0ms)
		SetupLoadedEditorAssemblies (330ms)
			LogAssemblyErrors (0ms)
			InitializePlatformSupportModulesInManaged (5ms)
			SetLoadedEditorAssemblies (4ms)
			RefreshPlugins (0ms)
			BeforeProcessingInitializeOnLoad (48ms)
			ProcessInitializeOnLoadAttributes (252ms)
			ProcessInitializeOnLoadMethodAttributes (15ms)
			AfterProcessingInitializeOnLoad (5ms)
			EditorAssembliesLoaded (0ms)
		ExecutionOrderSort2 (0ms)
		AwakeInstancesAfterBackupRestoration (6ms)
Launched and connected shader compiler UnityShaderCompiler.exe after 0.03 seconds
Refreshing native plugins compatible for Editor in 3.07 ms, found 3 plugins.
Preloading 0 native plugins for Editor in 0.00 ms.
Unloading 3102 Unused Serialized files (Serialized files now loaded: 0)
Unloading 32 unused Assets / (57.7 KB). Loaded Objects now: 3582.
Memory consumption went from 133.0 MB to 133.0 MB.
Total: 3.713600 ms (FindLiveObjects: 0.283800 ms CreateObjectMapping: 0.168000 ms MarkObjects: 3.074300 ms  DeleteObjects: 0.186700 ms)

AssetImportParameters requested are different than current active one (requested -> active):
  custom:container-demuxer-ogg: 62fdf1f143b41e24485cea50d1cbac27 -> 
  custom:video-decoder-ogg-theora: a1e56fd34408186e4bbccfd4996cb3dc -> 
  custom:framework-win-MediaFoundation: 216162199b28c13a410421893ffa2e32 -> 
  custom:scripting/monoscript/fileName/NewBehaviourScript.cs: b21687ddb03d73bd9f0c1daecb9714de -> 
  custom:CustomObjectIndexerAttribute: 6d391050e5a25f67b0a2c618074f2cd9 -> 
  custom:container-demuxer-webm: 4f35f7cbe854078d1ac9338744f61a02 -> 
  custom:container-muxer-webm: aa71ff27fc2769a1b78a27578f13a17b -> 
  custom:video-decoder-webm-vp8: 9c59270c3fd7afecdb556c50c9e8de78 -> 
  custom:SearchIndexIgnoredProperties: e643bd26f0fe6173181afceb89e7c659 -> 
  custom:AudioImporter_EditorPlatform: d09bf68614088b80899f8185d706f6e7 -> 
  custom:video-encoder-webm-vp8: eb34c28f22e8b96e1ab97ce403110664 -> 
  custom:audio-decoder-ogg-vorbis: bf7c407c2cedff20999df2af8eb42d56 -> 
  custom:audio-encoder-webm-vorbis: bf7c407c2cedff20999df2af8eb42d56 -> 
========================================================================
Received Import Request.
  Time since last request: 59047.022929 seconds.
  path: Assets/3D Models/Props/Ammunition/Bullet 0.45/Textures
  artifactKey: Guid(1937d3369c3bedf4ca562a62a8e04304) Importer(815301076,1909f56bfc062723c751e8b465ee728b)
Start importing Assets/3D Models/Props/Ammunition/Bullet 0.45/Textures using Guid(1937d3369c3bedf4ca562a62a8e04304) Importer(815301076,1909f56bfc062723c751e8b465ee728b)  -> (artifact id: '1c1379504e595d302083f48f92de7810') in 0.002394 seconds
Number of updated asset objects reloaded before import = 0
Number of asset objects unloaded after import = 0
========================================================================
Received Import Request.
  Time since last request: 0.011634 seconds.
  path: Assets/3D Models/Props/Ammunition/Bullet 0.45/Textures/Bullet045_AO.png
  artifactKey: Guid(e5421c6ada49618449127ad21481acaf) Importer(815301076,1909f56bfc062723c751e8b465ee728b)
Start importing Assets/3D Models/Props/Ammunition/Bullet 0.45/Textures/Bullet045_AO.png using Guid(e5421c6ada49618449127ad21481acaf) Importer(815301076,1909f56bfc062723c751e8b465ee728b)  -> (artifact id: '507dde234a012346befcb73b51ea5691') in 0.053678 seconds
Number of updated asset objects reloaded before import = 0
Number of asset objects unloaded after import = 2
========================================================================
Received Import Request.
  Time since last request: 2.298796 seconds.
  path: Assets/3D Models/Props/Ammunition/Bullet 7.62
  artifactKey: Guid(8998d8468718be7499e3117a11e6e18b) Importer(815301076,1909f56bfc062723c751e8b465ee728b)
Start importing Assets/3D Models/Props/Ammunition/Bullet 7.62 using Guid(8998d8468718be7499e3117a11e6e18b) Importer(815301076,1909f56bfc062723c751e8b465ee728b)  -> (artifact id: '7478286103816bc73755ff6011b19630') in 0.000533 seconds
Number of updated asset objects reloaded before import = 0
Number of asset objects unloaded after import = 0
========================================================================
Received Import Request.
  Time since last request: 2.272433 seconds.
  path: Assets/3D Models/Props/Ammunition/Bullet 7.62/Prefabs
  artifactKey: Guid(0754159de3776cc4b8eb42fc755657b1) Importer(815301076,1909f56bfc062723c751e8b465ee728b)
Start importing Assets/3D Models/Props/Ammunition/Bullet 7.62/Prefabs using Guid(0754159de3776cc4b8eb42fc755657b1) Importer(815301076,1909f56bfc062723c751e8b465ee728b)  -> (artifact id: '5e54a8f5c93330d340b35627b4a86871') in 0.000472 seconds
Number of updated asset objects reloaded before import = 0
Number of asset objects unloaded after import = 0
========================================================================
Received Import Request.
  Time since last request: 0.016229 seconds.
  path: Assets/3D Models/Props/Ammunition/Bullet 7.62/Prefabs/Bullet-7.62 (Copper) HQ.prefab
  artifactKey: Guid(d52cf7a58a2762044908ea7e5f695d5b) Importer(815301076,1909f56bfc062723c751e8b465ee728b)
Start importing Assets/3D Models/Props/Ammunition/Bullet 7.62/Prefabs/Bullet-7.62 (Copper) HQ.prefab using Guid(d52cf7a58a2762044908ea7e5f695d5b) Importer(815301076,1909f56bfc062723c751e8b465ee728b)  -> (artifact id: '06f63687093a1178d09cc1430a1a49af') in 0.121698 seconds
Number of updated asset objects reloaded before import = 0
Number of asset objects unloaded after import = 41
========================================================================
Received Import Request.
  Time since last request: 0.000018 seconds.
  path: Assets/3D Models/Props/Ammunition/Bullet 7.62/Prefabs/Shell-DarkZinc.prefab
  artifactKey: Guid(062c6fc650067834abcbfd3417e3940f) Importer(815301076,1909f56bfc062723c751e8b465ee728b)
Start importing Assets/3D Models/Props/Ammunition/Bullet 7.62/Prefabs/Shell-DarkZinc.prefab using Guid(062c6fc650067834abcbfd3417e3940f) Importer(815301076,1909f56bfc062723c751e8b465ee728b)  -> (artifact id: '2c8d51059f89a5db4aa094183ee7c60f') in 0.024143 seconds
Number of updated asset objects reloaded before import = 0
Number of asset objects unloaded after import = 23
========================================================================
Received Import Request.
  Time since last request: 3.245552 seconds.
  path: Assets/3D Models/Props/Ammunition/Bullet 9x19
  artifactKey: Guid(ff5b867126b9fb247b81e15b195d356e) Importer(815301076,1909f56bfc062723c751e8b465ee728b)
Start importing Assets/3D Models/Props/Ammunition/Bullet 9x19 using Guid(ff5b867126b9fb247b81e15b195d356e) Importer(815301076,1909f56bfc062723c751e8b465ee728b)  -> (artifact id: 'dc25b90316fe81b778ca3feabde43238') in 0.000605 seconds
Number of updated asset objects reloaded before import = 0
Number of asset objects unloaded after import = 0
========================================================================
Received Import Request.
  Time since last request: 0.838919 seconds.
  path: Assets/3D Models/Props/Ammunition/Bullet 9x19/Prefabs
  artifactKey: Guid(6cb05a83199c6bf4f89e6a726e3a9bf0) Importer(815301076,1909f56bfc062723c751e8b465ee728b)
Start importing Assets/3D Models/Props/Ammunition/Bullet 9x19/Prefabs using Guid(6cb05a83199c6bf4f89e6a726e3a9bf0) Importer(815301076,1909f56bfc062723c751e8b465ee728b)  -> (artifact id: 'b06d69d48f632a7818161e845e4f7dfc') in 0.000449 seconds
Number of updated asset objects reloaded before import = 0
Number of asset objects unloaded after import = 0
========================================================================
Received Import Request.
  Time since last request: 0.024357 seconds.
  path: Assets/3D Models/Props/Ammunition/Bullet 9x19/Prefabs/Bullet 9x19.prefab
  artifactKey: Guid(25bb4917463548e4abbb2026a22b2361) Importer(815301076,1909f56bfc062723c751e8b465ee728b)
Start importing Assets/3D Models/Props/Ammunition/Bullet 9x19/Prefabs/Bullet 9x19.prefab using Guid(25bb4917463548e4abbb2026a22b2361) Importer(815301076,1909f56bfc062723c751e8b465ee728b)  -> (artifact id: '082491e9cecfc279353c9de53307f91a') in 0.117068 seconds
Number of updated asset objects reloaded before import = 0
Number of asset objects unloaded after import = 26
========================================================================
Received Prepare
Begin MonoManager ReloadAssembly
- Loaded All Assemblies, in  0.359 seconds
Refreshing native plugins compatible for Editor in 2.56 ms, found 3 plugins.
Native extension for WindowsStandalone target not found
Native extension for WebGL target not found
[Package Manager] Server::EnsureServerProcessIsRunning -- launch failed, reason: Unity was launched with the -noUpm command-line argument
[Package Manager] UpmClient::Send -- Unable to send message (not connected to UPM process).
[Package Manager] Cannot connect to Unity Package Manager local server
Mono: successfully reloaded assembly
- Finished resetting the current domain, in  0.814 seconds
Domain Reload Profiling: 1170ms
	BeginReloadAssembly (127ms)
		ExecutionOrderSort (0ms)
		DisableScriptedObjects (5ms)
		BackupInstance (0ms)
		ReleaseScriptingObjects (0ms)
		CreateAndSetChildDomain (29ms)
	RebuildCommonClasses (34ms)
	RebuildNativeTypeToScriptingClass (9ms)
	initialDomainReloadingComplete (23ms)
	LoadAllAssembliesAndSetupDomain (162ms)
		LoadAssemblies (215ms)
		RebuildTransferFunctionScriptingTraits (0ms)
		AnalyzeDomain (12ms)
			TypeCache.Refresh (7ms)
				TypeCache.ScanAssembly (0ms)
			ScanForSourceGeneratedMonoScriptInfo (0ms)
			ResolveRequiredComponents (4ms)
	FinalizeReload (815ms)
		ReleaseScriptCaches (0ms)
		RebuildScriptCaches (0ms)
		SetupLoadedEditorAssemblies (391ms)
			LogAssemblyErrors (0ms)
			InitializePlatformSupportModulesInManaged (7ms)
			SetLoadedEditorAssemblies (4ms)
			RefreshPlugins (0ms)
			BeforeProcessingInitializeOnLoad (61ms)
			ProcessInitializeOnLoadAttributes (296ms)
			ProcessInitializeOnLoadMethodAttributes (17ms)
			AfterProcessingInitializeOnLoad (6ms)
			EditorAssembliesLoaded (0ms)
		ExecutionOrderSort2 (0ms)
		AwakeInstancesAfterBackupRestoration (9ms)
Refreshing native plugins compatible for Editor in 3.40 ms, found 3 plugins.
Preloading 0 native plugins for Editor in 0.00 ms.
Unloading 3094 Unused Serialized files (Serialized files now loaded: 0)
Unloading 23 unused Assets / (31.1 KB). Loaded Objects now: 3594.
Memory consumption went from 138.3 MB to 138.2 MB.
Total: 2.616900 ms (FindLiveObjects: 0.265900 ms CreateObjectMapping: 0.160900 ms MarkObjects: 2.139900 ms  DeleteObjects: 0.049400 ms)

Prepare: number of updated asset objects reloaded= 0
AssetImportParameters requested are different than current active one (requested -> active):
  custom:container-demuxer-ogg: 62fdf1f143b41e24485cea50d1cbac27 -> 
  custom:video-decoder-ogg-theora: a1e56fd34408186e4bbccfd4996cb3dc -> 
  custom:framework-win-MediaFoundation: 216162199b28c13a410421893ffa2e32 -> 
  custom:scripting/monoscript/fileName/NewBehaviourScript.cs: b21687ddb03d73bd9f0c1daecb9714de -> 
  custom:CustomObjectIndexerAttribute: 6d391050e5a25f67b0a2c618074f2cd9 -> 
  custom:container-demuxer-webm: 4f35f7cbe854078d1ac9338744f61a02 -> 
  custom:container-muxer-webm: aa71ff27fc2769a1b78a27578f13a17b -> 
  custom:video-decoder-webm-vp8: 9c59270c3fd7afecdb556c50c9e8de78 -> 
  custom:SearchIndexIgnoredProperties: e643bd26f0fe6173181afceb89e7c659 -> 
  custom:AudioImporter_EditorPlatform: d09bf68614088b80899f8185d706f6e7 -> 
  custom:video-encoder-webm-vp8: eb34c28f22e8b96e1ab97ce403110664 -> 
  custom:audio-decoder-ogg-vorbis: bf7c407c2cedff20999df2af8eb42d56 -> 
  custom:audio-encoder-webm-vorbis: bf7c407c2cedff20999df2af8eb42d56 -> 
========================================================================
Received Import Request.
  Time since last request: 91.987796 seconds.
  path: Assets/3D Models/Props/Ammunition/Bullet 0.45/Mesh
  artifactKey: Guid(a56fa34832a0655438ae352b9a327411) Importer(815301076,1909f56bfc062723c751e8b465ee728b)
Start importing Assets/3D Models/Props/Ammunition/Bullet 0.45/Mesh using Guid(a56fa34832a0655438ae352b9a327411) Importer(815301076,1909f56bfc062723c751e8b465ee728b)  -> (artifact id: 'aa85d61e41ebc30d98a142bc63122de0') in 0.002733 seconds
Number of updated asset objects reloaded before import = 0
Number of asset objects unloaded after import = 0
========================================================================
Received Import Request.
  Time since last request: 0.926189 seconds.
  path: Assets/3D Models/Props/Ammunition/Bullet 0.45/Mesh/Low-Poly
  artifactKey: Guid(0d6db0963bc769f478fa0bb3a0bcf7c7) Importer(815301076,1909f56bfc062723c751e8b465ee728b)
Start importing Assets/3D Models/Props/Ammunition/Bullet 0.45/Mesh/Low-Poly using Guid(0d6db0963bc769f478fa0bb3a0bcf7c7) Importer(815301076,1909f56bfc062723c751e8b465ee728b)  -> (artifact id: '538cb580e6533f6723308db8fe897975') in 0.000556 seconds
Number of updated asset objects reloaded before import = 0
Number of asset objects unloaded after import = 0
========================================================================
Received Import Request.
  Time since last request: 0.023561 seconds.
  path: Assets/3D Models/Props/Ammunition/Bullet 0.45/Mesh/Low-Poly/Bullet (LP).FBX
  artifactKey: Guid(d0e5f6e1622f7d34c9de65eaf816afd2) Importer(815301076,1909f56bfc062723c751e8b465ee728b)
Start importing Assets/3D Models/Props/Ammunition/Bullet 0.45/Mesh/Low-Poly/Bullet (LP).FBX using Guid(d0e5f6e1622f7d34c9de65eaf816afd2) Importer(815301076,1909f56bfc062723c751e8b465ee728b)  -> (artifact id: '1502161b3e36356d6f4c2dbbbd7774bb') in 0.101082 seconds
Number of updated asset objects reloaded before import = 0
Number of asset objects unloaded after import = 14
========================================================================
Received Import Request.
  Time since last request: 0.000018 seconds.
  path: Assets/3D Models/Props/Ammunition/Bullet 0.45/Mesh/Low-Poly/Bullet_LOD0.FBX
  artifactKey: Guid(109350814e8e4774cbc3fbf9433104d4) Importer(815301076,1909f56bfc062723c751e8b465ee728b)
Start importing Assets/3D Models/Props/Ammunition/Bullet 0.45/Mesh/Low-Poly/Bullet_LOD0.FBX using Guid(109350814e8e4774cbc3fbf9433104d4) Importer(815301076,1909f56bfc062723c751e8b465ee728b)  -> (artifact id: '89caac452a2ede097e32a05293c28198') in 0.023510 seconds
Number of updated asset objects reloaded before import = 0
Number of asset objects unloaded after import = 14
========================================================================
Received Import Request.
  Time since last request: 0.000018 seconds.
  path: Assets/3D Models/Props/Ammunition/Bullet 0.45/Mesh/Low-Poly/Shell_LOD0.FBX
  artifactKey: Guid(c5f441d0513b476449d2f07a4d9a0fa4) Importer(815301076,1909f56bfc062723c751e8b465ee728b)
Start importing Assets/3D Models/Props/Ammunition/Bullet 0.45/Mesh/Low-Poly/Shell_LOD0.FBX using Guid(c5f441d0513b476449d2f07a4d9a0fa4) Importer(815301076,1909f56bfc062723c751e8b465ee728b)  -> (artifact id: '63e1de4e95b26e3544c6520cef82a99b') in 0.020961 seconds
Number of updated asset objects reloaded before import = 0
Number of asset objects unloaded after import = 14
Editor requested this worker to shutdown with reason: Scaling down because of idle timeout
TcpMessagingSession - receive error: operation aborted. errorcode: 995, details: The I/O operation has been aborted because of either a thread exit or an application request.
AssetImportWorker is now disconnected from the server
Process exiting
Exiting without the bug reporter. Application will terminate with return code 0